<?xml version="1.0" encoding="UTF-8"?>
<!-- Generated by org.testng.reporters.JUnitXMLReporter -->
<testsuite ignored="4" hostname="TL351" failures="0" tests="2" name="Default test" time="2.815" errors="0" timestamp="2024-04-19T16:01:04 IST">
  <testcase classname="Automation.ECommerceAPITesting.ECommerceAppAPITest" name="getAuthorizedTokenTest" time="2.154"/>
  <testcase classname="Automation.ECommerceAPITesting.ECommerceAppAPITest" name="deleteCreatedProduct" time="0.609"/>
  <testcase classname="Automation.ECommerceAPITesting.ECommerceAppAPITest" name="deleteCreatedOrder" time="0.0">
    <ignored/>
  </testcase> <!-- deleteCreatedOrder -->
  <testcase classname="Automation.ECommerceAPITesting.ECommerceAppAPITest" name="createOrderTest" time="0.0">
    <ignored/>
  </testcase> <!-- createOrderTest -->
  <testcase classname="Automation.ECommerceAPITesting.ECommerceAppAPITest" name="createProductTest" time="0.0">
    <ignored/>
  </testcase> <!-- createProductTest -->
  <testcase classname="Automation.ECommerceAPITesting.ECommerceAppAPITest" name="getOrderDetailsTest" time="0.0">
    <ignored/>
  </testcase> <!-- getOrderDetailsTest -->
</testsuite> <!-- Default test -->
