<?xml version="1.0" encoding="UTF-8"?>
<testng-results ignored="4" total="6" passed="2" failed="0" skipped="0">
  <reporter-output>
  </reporter-output>
  <suite started-at="2024-04-19T16:01:01 IST" name="Default suite" finished-at="2024-04-19T16:01:04 IST" duration-ms="2815">
    <groups>
    </groups>
    <test started-at="2024-04-19T16:01:01 IST" name="Default test" finished-at="2024-04-19T16:01:04 IST" duration-ms="2815">
      <class name="Automation.ECommerceAPITesting.ECommerceAppAPITest">
        <test-method signature="getAuthorizedTokenTest()[pri:0, instance:Automation.ECommerceAPITesting.ECommerceAppAPITest@359f7cdf]" started-at="2024-04-19T16:01:01 IST" name="getAuthorizedTokenTest" finished-at="2024-04-19T16:01:03 IST" duration-ms="2154" status="PASS">
          <reporter-output>
          </reporter-output>
        </test-method> <!-- getAuthorizedTokenTest -->
        <test-method signature="deleteCreatedProduct()[pri:0, instance:Automation.ECommerceAPITesting.ECommerceAppAPITest@359f7cdf]" started-at="2024-04-19T16:01:03 IST" name="deleteCreatedProduct" finished-at="2024-04-19T16:01:04 IST" depends-on-methods="Automation.ECommerceAPITesting.ECommerceAppAPITest.getAuthorizedTokenTest" duration-ms="609" status="PASS">
          <reporter-output>
          </reporter-output>
        </test-method> <!-- deleteCreatedProduct -->
      </class> <!-- Automation.ECommerceAPITesting.ECommerceAppAPITest -->
    </test> <!-- Default test -->
  </suite> <!-- Default suite -->
</testng-results>
